  [1m[36m (1.2ms)[0m  [1mSELECT `schema_migrations`.`version` FROM `schema_migrations` [0m
  [1m[36m (0.4ms)[0m  [1mSELECT `schema_migrations`.`version` FROM `schema_migrations` [0m
  [1m[36m (0.4ms)[0m  [1mSELECT `schema_migrations`.`version` FROM `schema_migrations` [0m
WARNING: Can't mass-assign protected attributes: id
  [1m[35m (0.2ms)[0m  BEGIN
  [1m[36mSQL (58.8ms)[0m  [1mINSERT INTO `userlevels` (`created_at`, `name`, `updated_at`) VALUES ('2015-02-02 22:54:18', 'user', '2015-02-02 22:54:18')[0m
  [1m[35m (17.3ms)[0m  COMMIT
WARNING: Can't mass-assign protected attributes: id
  [1m[36m (0.2ms)[0m  [1mBEGIN[0m
  [1m[35mSQL (27.9ms)[0m  INSERT INTO `userlevels` (`created_at`, `name`, `updated_at`) VALUES ('2015-02-02 22:54:18', 'admin', '2015-02-02 22:54:18')
  [1m[36m (9.5ms)[0m  [1mCOMMIT[0m
WARNING: Can't mass-assign protected attributes: id
  [1m[35m (0.1ms)[0m  BEGIN
  [1m[36mSQL (11.3ms)[0m  [1mINSERT INTO `userlevels` (`created_at`, `name`, `updated_at`) VALUES ('2015-02-02 22:54:18', 'usertabel', '2015-02-02 22:54:18')[0m
  [1m[35m (19.3ms)[0m  COMMIT
WARNING: Can't mass-assign protected attributes: id
  [1m[36m (0.1ms)[0m  [1mBEGIN[0m
  [1m[35mSQL (0.9ms)[0m  INSERT INTO `userlevels` (`created_at`, `name`, `updated_at`) VALUES ('2015-02-02 22:54:18', 'alltabeluser', '2015-02-02 22:54:18')
  [1m[36m (4.7ms)[0m  [1mCOMMIT[0m
WARNING: Can't mass-assign protected attributes: id
  [1m[35m (0.2ms)[0m  BEGIN
  [1m[36mSQL (1.0ms)[0m  [1mINSERT INTO `adrivers` (`autodesc`, `autonumber`, `contact`, `created_at`, `name`, `updated_at`) VALUES ('no auto', 'no auto', 'no driver', '2015-02-02 22:54:19', 'no driver', '2015-02-02 22:54:19')[0m
  [1m[35m (6.9ms)[0m  COMMIT
  [1m[36m (0.4ms)[0m  [1mSELECT `schema_migrations`.`version` FROM `schema_migrations` [0m
  [1m[35m (0.2ms)[0m  BEGIN
  [1m[36mSQL (0.5ms)[0m  [1mINSERT INTO `adrivers` (`autodesc`, `autonumber`, `contact`, `created_at`, `name`, `updated_at`) VALUES ('no auto', 'no auto', 'no driver', '2015-02-02 23:01:30', 'no driver6', '2015-02-02 23:01:30')[0m
  [1m[35m (33.2ms)[0m  COMMIT
  [1m[36m (0.4ms)[0m  [1mSELECT `schema_migrations`.`version` FROM `schema_migrations` [0m
  [1m[35m (0.2ms)[0m  BEGIN
  [1m[36mSQL (18.9ms)[0m  [1mINSERT INTO `adrivers` (`autodesc`, `autonumber`, `contact`, `created_at`, `id`, `name`, `updated_at`) VALUES ('no auto', 'no auto', 'no driver', '2015-02-02 23:02:53', 6, 'no driver6', '2015-02-02 23:02:53')[0m
  [1m[35m (33.7ms)[0m  COMMIT
